[NX Daemon Server] - 2024-06-23T21:03:36.848Z - Started listening on: \\.\pipe\nx\C:\Users\Kyle\AppData\Local\Temp\f0fa2723e5bb9423c988\d.sock
[NX Daemon Server] - 2024-06-23T21:03:36.852Z - [WATCHER]: Subscribed to changes within: f:\GitHub\excalibur-prototypes (native)
[NX Daemon Server] - 2024-06-23T21:03:36.854Z - Established a connection. Number of open connections: 1
[NX Daemon Server] - 2024-06-23T21:03:36.856Z - Closed a connection. Number of open connections: 0
[NX Daemon Server] - 2024-06-23T21:03:36.857Z - Established a connection. Number of open connections: 1
[NX Daemon Server] - 2024-06-23T21:03:36.858Z - [REQUEST]: Client Request for Project Graph Received
[NX Daemon Server] - 2024-06-23T21:03:37.292Z - [REQUEST]: Updated workspace context based on watched changes, recomputing project graph...
[NX Daemon Server] - 2024-06-23T21:03:37.293Z - [REQUEST]: 
[NX Daemon Server] - 2024-06-23T21:03:37.293Z - [REQUEST]: 
[NX Daemon Server] - 2024-06-23T21:03:38.398Z - Time taken for 'Load Nx Plugin: f:\GitHub\excalibur-prototypes\.nx\installation\node_modules\nx\src\plugins\project-json\build-nodes\package-json-next-to-project-json' 429.91559994220734ms
[NX Daemon Server] - 2024-06-23T21:03:40.094Z - [REQUEST]: Responding to the client. project-graph
[NX Daemon Server] - 2024-06-23T21:03:40.095Z - Time taken for 'total for creating and serializing project graph' 3235.9436000585556ms
[NX Daemon Server] - 2024-06-23T21:03:40.095Z - Done responding to the client project-graph
[NX Daemon Server] - 2024-06-23T21:03:40.096Z - Handled REQUEST_PROJECT_GRAPH. Handling time: 3236. Response time: 2.
[NX Daemon Server] - 2024-06-23T21:03:40.100Z - [REQUEST]: Responding to the client. handleContextFileData
[NX Daemon Server] - 2024-06-23T21:03:40.100Z - Done responding to the client handleContextFileData
[NX Daemon Server] - 2024-06-23T21:03:40.101Z - Handled GET_CONTEXT_FILE_DATA. Handling time: 0. Response time: 1.
[NX Daemon Server] - 2024-06-23T21:03:40.101Z - Closed a connection. Number of open connections: 0
[NX Daemon Server] - 2024-06-23T21:04:27.195Z - [WATCHER]: Processing file changes in outputs
[NX Daemon Server] - 2024-06-23T21:04:27.196Z - [WATCHER]: _tmp_5472_6ae6f51619ba68817081d18cd0ecd2dc was deleted
[NX Daemon Server] - 2024-06-23T21:04:27.297Z - [REQUEST]: Updated workspace context based on watched changes, recomputing project graph...
[NX Daemon Server] - 2024-06-23T21:04:27.297Z - [REQUEST]: 
[NX Daemon Server] - 2024-06-23T21:04:27.298Z - [REQUEST]: _tmp_5472_6ae6f51619ba68817081d18cd0ecd2dc
[NX Daemon Server] - 2024-06-23T21:04:28.153Z - Time taken for 'hash changed files from watcher' 0.2014000415802002ms
[NX Daemon Server] - 2024-06-23T21:04:28.201Z - Established a connection. Number of open connections: 1
[NX Daemon Server] - 2024-06-23T21:04:28.202Z - Closed a connection. Number of open connections: 0
[NX Daemon Server] - 2024-06-23T21:04:28.202Z - Established a connection. Number of open connections: 1
[NX Daemon Server] - 2024-06-23T21:04:28.203Z - [REQUEST]: Client Request for Project Graph Received
[NX Daemon Server] - 2024-06-23T21:04:28.203Z - [REQUEST]: Responding to the client. project-graph
[NX Daemon Server] - 2024-06-23T21:04:28.204Z - Time taken for 'total for creating and serializing project graph' 0.21310007572174072ms
[NX Daemon Server] - 2024-06-23T21:04:28.205Z - Done responding to the client project-graph
[NX Daemon Server] - 2024-06-23T21:04:28.205Z - Handled REQUEST_PROJECT_GRAPH. Handling time: 0. Response time: 2.
[NX Daemon Server] - 2024-06-23T21:04:28.210Z - [REQUEST]: Responding to the client. handleContextFileData
[NX Daemon Server] - 2024-06-23T21:04:28.210Z - Done responding to the client handleContextFileData
[NX Daemon Server] - 2024-06-23T21:04:28.210Z - Handled GET_CONTEXT_FILE_DATA. Handling time: 0. Response time: 0.
[NX Daemon Server] - 2024-06-23T21:04:28.211Z - Closed a connection. Number of open connections: 0
[NX Daemon Server] - 2024-06-23T21:04:39.294Z - [WATCHER]: _tmp_19624_878a2a46e33dac0286e31af99cdec600 was deleted
[NX Daemon Server] - 2024-06-23T21:04:39.295Z - [WATCHER]: Processing file changes in outputs
[NX Daemon Server] - 2024-06-23T21:04:39.396Z - [REQUEST]: Updated workspace context based on watched changes, recomputing project graph...
[NX Daemon Server] - 2024-06-23T21:04:39.396Z - [REQUEST]: 
[NX Daemon Server] - 2024-06-23T21:04:39.396Z - [REQUEST]: _tmp_19624_878a2a46e33dac0286e31af99cdec600
[NX Daemon Server] - 2024-06-23T21:04:40.162Z - Time taken for 'hash changed files from watcher' 0.1298999786376953ms
[NX Daemon Server] - 2024-06-23T21:04:40.298Z - Established a connection. Number of open connections: 1
[NX Daemon Server] - 2024-06-23T21:04:40.298Z - Closed a connection. Number of open connections: 0
[NX Daemon Server] - 2024-06-23T21:04:40.298Z - Established a connection. Number of open connections: 1
[NX Daemon Server] - 2024-06-23T21:04:40.300Z - [REQUEST]: Client Request for Project Graph Received
[NX Daemon Server] - 2024-06-23T21:04:40.300Z - [REQUEST]: Responding to the client. project-graph
[NX Daemon Server] - 2024-06-23T21:04:40.301Z - Time taken for 'total for creating and serializing project graph' 0.18900001049041748ms
[NX Daemon Server] - 2024-06-23T21:04:40.301Z - Done responding to the client project-graph
[NX Daemon Server] - 2024-06-23T21:04:40.301Z - Handled REQUEST_PROJECT_GRAPH. Handling time: 0. Response time: 1.
[NX Daemon Server] - 2024-06-23T21:04:40.307Z - [REQUEST]: Responding to the client. handleContextFileData
[NX Daemon Server] - 2024-06-23T21:04:40.307Z - Done responding to the client handleContextFileData
[NX Daemon Server] - 2024-06-23T21:04:40.307Z - Handled GET_CONTEXT_FILE_DATA. Handling time: 0. Response time: 0.
[NX Daemon Server] - 2024-06-23T21:04:40.308Z - Closed a connection. Number of open connections: 0
